swapped 64 with 0
swapped 25 with 64
swapped 12 with 25
swapped 22 with 12
swapped 11 with 22
swapped 1 with 11
swapped 3 with 1
swapped 23 with 3
swapped 4 with 23
swapped 56 with 4
swapped 788 with 56
swapped 7 with 788
swapped 65 with 7
swapped 43 with 65
swapped 2 with 43
swapped 24 with 2
swapped 7 with 24
swapped 86 with 7
swapped 5 with 86
swapped 32 with 5
swapped 2 with 32
swapped 46 with 2
swapped 7 with 46
swapped 889 with 7
swapped 9 with 889
swapped 1 with 9
swapped 1 with 1
swapped 345 with 1
swapped 5 with 345
swapped 76856 with 5
swapped 74 with 76856
swapped 3 with 74
swapped 6 with 3
swapped 7 with 6
swapped 85 with 7
swapped 3 with 85
swapped 23 with 3
swapped 56 with 23
swapped 7 with 56
swapped 1 with 7
swapped 32 with 1
swapped 4 with 32
swapped 5 with 4
swapped 8 with 5
swapped 3 with 8
swapped 4 with 3
swapped 2 with 4
swapped 1 with 2
swapped 2 with 1
swapped 5 with 2
swapped 8 with 5
swapped 798 with 8
swapped 4 with 798
swapped 5 with 4
swapped 6 with 5
swapped 9 with 6
swapped 7 with 9
swapped 6 with 7
swapped 3 with 6
swapped 2 with 3
swapped 1 with 2
swapped 23 with 1
swapped 4 with 23
swapped 56 with 4
swapped 8 with 56
swapped 2 with 8
swapped 34 with 2
swapped 56 with 34
swapped 8 with 56
swapped 5 with 8
swapped 12 with 5
swapped 2 with 12
swapped 3 with 2
swapped 54 with 3
swapped 34 with 54
swapped 2 with 34
swapped 2 with 2
swapped 4 with 2
swapped 5 with 4
swapped 5 with 5
swapped 45 with 5
swapped 6 with 45
swapped 54 with 6
swapped 56 with 54
swapped 3457 with 56
swapped 35 with 3457
swapped 8 with 35
swapped 3 with 8
swapped 45 with 3
swapped 6 with 45
swapped 8 with 6
swapped 7 with 8
swapped 5 with 7
swapped 4 with 5
swapped 53 with 4
swapped 2 with 53
swapped 2 with 2
swapped 1 with 2
swapped 2 with 1
swapped 3 with 2
swapped 4 with 3
swapped 5 with 4
swapped 6 with 5
swapped 78 with 6
swapped 90 with 78
swapped 90 with 90
swapped 9 with 90
swapped 8 with 9
swapped 7 with 8
swapped 6 with 7
swapped 5 with 6
swapped 3 with 5
swapped 2 with 3
swapped 1 with 2
swapped 4 with 1
swapped 5 with 4
swapped 7 with 5
swapped 8 with 7
swapped 9 with 8
swapped 2 with 9
swapped 34 with 2
swapped 5 with 34
swapped 432 with 5
swapped 3 with 432
swapped 45 with 3
swapped 234 with 45
swapped 5 with 234
swapped 234 with 5
swapped 52 with 234
swapped 2345 with 52
swapped 2 with 2345
swapped 22 with 2
swapped 3 with 22
swapped 4 with 3
swapped 23 with 4
swapped 3 with 23
swapped 4 with 3
swapped 5 with 4
swapped 43 with 5
swapped 2 with 43
swapped 345 with 2
swapped 3 with 345
swapped 2 with 3
swapped 45 with 2
swapped 2 with 45
swapped 3 with 2
swapped 45 with 3
swapped 43 with 45
swapped 2 with 43
swapped 1 with 2
swapped 5 with 1
swapped 56 with 5
swapped 78 with 56
swapped 3 with 78
swapped 45 with 3
swapped 62 with 45
swapped 3 with 62
swapped 45 with 3
swapped 34 with 45
swapped 57 with 34
swapped 568 with 57
swapped 657 with 568
swapped 89 with 657
swapped 3 with 89
swapped 4 with 3
swapped 3 with 4
swapped 4 with 3
swapped 56 with 4
swapped 2 with 56
swapped 34 with 2
swapped 5 with 34
swapped 345 with 5
swapped 67 with 345
swapped 78 with 67
swapped 23 with 78
swapped 345 with 23
swapped 6 with 345
swapped 2346 with 6
swapped 67 with 2346
swapped 58 with 67
swapped 69 with 58
swapped 467 with 69
swapped 53 with 467
swapped 654 with 53
swapped 643 with 654
swapped 57 with 643
swapped 58 with 57
swapped 69 with 58
swapped 3 with 69
swapped 6 with 3
swapped 2 with 6
swapped 534 with 2
swapped 6 with 534
swapped 674 with 6
swapped 2345 with 674
swapped 3 with 2345
swapped 4 with 3
swapped 6 with 4
swapped 43 with 6
swapped 6 with 43
swapped 58 with 6
swapped 8 with 58
swapped 567 with 8
swapped 9 with 567
swapped 3 with 9
swapped 456 with 3
swapped 34 with 456
swapped 57 with 34
swapped 58 with 57
swapped 6579 with 58
swapped 870 with 6579
swapped 98 with 870
swapped 2 with 98
swapped 452 with 2
swapped 345 with 452
swapped 3456 with 345
swapped 76 with 3456
swapped 873 with 76
swapped 34 with 873
swapped 57 with 34
swapped 245 with 57
swapped 23 with 245
swapped 6 with 23
swapped 75 with 6
swapped 86 with 75
swapped 5 with 86
swapped 3 with 5
swapped 34567 with 3
swapped 76 with 34567
swapped 3 with 76
swapped 5 with 3
swapped 56 with 5
swapped 3 with 56
swapped 1 with 3
swapped 2 with 1
swapped 3 with 2
swapped 4 with 3
swapped 57 with 4
swapped 6 with 57
swapped 8 with 6
swapped 9 with 8
swapped 9 with 9
swapped 7 with 9
swapped 6 with 7
swapped 4 with 6
swapped 3 with 4
swapped 2 with 3
swapped 1 with 2
swapped 2 with 1
swapped 4 with 2
swapped 5 with 4
swapped 7 with 5
swapped 6 with 7
swapped 5 with 6
swapped 4 with 5
swapped 3 with 4
swapped 2 with 3
swapped 3 with 2
swapped 4 with 3
swapped 7 with 4
swapped 1 with 7
swapped 2 with 1
swapped 3 with 2
swapped 4 with 3
swapped 5 with 4
swapped 6 with 5
swapped 7 with 6
swapped 78 with 7
swapped 9 with 78
swapped 8 with 9
swapped 7 with 8
swapped 6 with 7
swapped 23 with 6
swapped 5 with 23
swapped 5 with 5
swapped 4 with 5
swapped 3 with 4
swapped 425 with 3
swapped 2345 with 425
swapped 6347 with 2345
swapped 458 with 6347
swapped 34 with 458
swapped 6 with 34
swapped 53 with 6
swapped 467 with 53
swapped 7 with 467
swapped 68 with 7
swapped 23 with 68
swapped 253 with 23
swapped 56 with 253
swapped 2 with 56
swapped 3 with 2
swapped 4 with 3
swapped 5 with 4
swapped 1 with 5
swapped 2 with 1
swapped 23 with 2
swapped 5 with 23
swapped 2346 with 5
swapped 3457 with 2346
swapped 4568 with 3457
swapped 567 with 4568
swapped 6 with 567
swapped 356 with 6
swapped 3457 with 356
swapped 8 with 3457
swapped 8 with 8
swapped 3 with 8
swapped 3456 with 3
swapped 7 with 3456
swapped 3456 with 7
swapped 5 with 3456
swapped 4 with 5
swapped 3 with 4
swapped 4 with 3
swapped 5 with 4
swapped 6 with 5
swapped 7 with 6
swapped 9 with 7
swapped 7 with 9
swapped 6 with 7
swapped 4 with 6
swapped 3 with 4
swapped 23 with 3
swapped 34 with 23
swapped 4 with 34
swapped 2 with 4
swapped 3 with 2
swapped 5 with 3
swapped 4657456 with 5
swapped 74 with 4657456
swapped 3 with 74
swapped 425 with 3
swapped 56 with 425
swapped 3 with 56
swapped 9 with 3
swapped 5 with 9
swapped 23 with 5
swapped 45 with 23
swapped 7 with 45
swapped 84 with 7
swapped 64 with 84
swapped 63 with 64
swapped 6 with 63
swapped 8768 with 6
swapped 92 with 8768
swapped 3 with 92
swapped 4 with 3
swapped 4 with 4
swapped 4 with 4
swapped 2 with 4
swapped 5 with 2
swapped 4 with 5
swapped 6 with 4
swapped 88 with 6
swapped 9 with 88
swapped 4 with 9
swapped 3 with 4
swapped 67 with 3
swapped 2 with 67
swapped 2 with 2
swapped 3 with 2
swapped 5 with 3
swapped 3 with 5
swapped 45 with 3
swapped 6 with 45
swapped 54 with 6
swapped 3 with 54
swapped 45 with 3
swapped 6 with 45
swapped 54 with 6
swapped 3 with 54
swapped 45 with 3
swapped 6 with 45
swapped 34 with 6
swapped 5 with 34
swapped 6 with 5
swapped 6 with 6
swapped 8 with 6
swapped 2 with 8
swapped 3 with 2
swapped 2 with 3
swapped 3 with 2
swapped 2 with 3
swapped 5 with 2
swapped 456 with 5
swapped 6 with 456
swapped 89 with 6
swapped 3 with 89
swapped 643 with 3
swapped 3 with 643
swapped 45 with 3
swapped 6 with 45
swapped 5 with 6
swapped 4 with 5
swapped 3 with 4
swapped 44 with 3
swapped 3 with 44
swapped 23 with 3
swapped 4 with 23
swapped 5 with 4
swapped 7 with 5
swapped 4 with 7
swapped 5 with 4
swapped 4 with 5
swapped 2 with 4
swapped 3 with 2
swapped 4 with 3
swapped 6 with 4
swapped 7 with 6
swapped 8 with 7
swapped 2 with 8
swapped 345 with 2
swapped 4 with 345
swapped 3 with 4
swapped 24 with 3
swapped 6 with 24
swapped 345 with 6
swapped 7 with 345
swapped 456 with 7
swapped 4 with 456
swapped 642 with 4
swapped 5 with 642
swapped 346 with 5
swapped 4 with 346
swapped 4 with 4
swapped 35 with 4
swapped 4 with 35
swapped 5 with 4
swapped 65 with 5
swapped 4 with 65
swapped 5 with 4
swapped 6 with 5
swapped 5 with 6
swapped 4 with 5
swapped 2 with 4
swapped 3 with 2
swapped 4 with 3
swapped 45 with 4
swapped 57 with 45
swapped 68 with 57
swapped 3 with 68
swapped 453 with 3
swapped 52 with 453
swapped 6435 with 52
swapped 7 with 6435
swapped 8 with 7
swapped 5 with 8
swapped 45 with 5
swapped 6 with 45
swapped 4 with 6
swapped 34 with 4
swapped 4 with 34
swapped 4 with 4
swapped 5 with 4
swapped 6 with 5
swapped 84 with 6
swapped 2 with 84
swapped 3 with 2
swapped 4 with 3
swapped 4 with 4
swapped 5 with 4
swapped 67 with 5
swapped 2 with 67
swapped 3 with 2
swapped 4 with 3
swapped 5 with 4
swapped 435 with 5
swapped 6 with 435
swapped 5 with 6
swapped 43 with 5
swapped 34 with 43
swapped 5 with 34
swapped 65 with 5
swapped 43 with 65
swapped 4 with 43
swapped 56 with 4
swapped 5 with 56
swapped 43 with 5
swapped 4 with 43
swapped 56 with 4
swapped 54 with 56
swapped 3 with 54
swapped 4 with 3
swapped 56 with 4
swapped 4 with 56
swapped 3 with 4
swapped 4 with 3
swapped 56 with 4
swapped 54 with 56
swapped 3 with 54
swapped 45 with 3
swapped 6 with 45
swapped 54 with 6
swapped 3 with 54
swapped 4 with 3
swapped 56 with 4
swapped 4 with 56
swapped 3 with 4
swapped 4 with 3
swapped 56 with 4
swapped 54 with 56
swapped 3 with 54
swapped 4 with 3
swapped 56 with 4
swapped 4 with 56
swapped 34 with 4
swapped 34 with 34
swapped 56 with 34
swapped 5 with 56
swapped 43 with 5
swapped 4 with 43
swapped 56 with 4
swapped 54 with 56
swapped 34 with 54
swapped 5 with 34
swapped 64 with 5
swapped 3 with 64
swapped 4 with 3
swapped 5 with 4
swapped 65 with 5
swapped 4 with 65
swapped 3 with 4
swapped 4 with 3
swapped 5 with 4
swapped 6 with 5
swapped 568 with 6
swapped 769 with 568
swapped 8 with 769
swapped 9 with 8
swapped 6657 with 9
swapped 57 with 6657
swapped 98 with 57
swapped 7 with 98
swapped 56 with 7
swapped 67 with 56
swapped 9876 with 67
swapped 7876 with 9876
swapped 6 with 7876
swapped 64 with 6
swapped 3 with 64
swapped 6867 with 3
swapped 9 with 6867
swapped 96756 with 9
swapped 7 with 96756
swapped 5 with 7
swapped 69 with 5
swapped 1 with 69
swapped 1 with 1
swapped 2 with 1
swapped 23 with 2
swapped 3 with 23
swapped 43 with 3
swapped 245 with 43
swapped 36 with 245
swapped 45 with 36
swapped 6 with 45
swapped 5 with 6
swapped 45 with 5
swapped 6 with 45
swapped 54 with 6
swapped 5 with 54
swapped 6 with 5
swapped 54 with 6
swapped 5 with 54
swapped 65 with 5
swapped 4 with 65
swapped 56 with 4
swapped 54 with 56
swapped 3 with 54
swapped 45 with 3
swapped 22 with 45
swapped 2 with 22
swapped 34 with 2
swapped 32 with 34
swapped 3 with 32
swapped 4 with 3
swapped 32 with 4
swapped 34 with 32
swapped 3 with 34
swapped 3 with 3
swapped 4 with 3
swapped 5 with 4
swapped 6 with 5
swapped 54 with 6
swapped 5 with 54
swapped 4 with 5
swapped 3 with 4
swapped 45 with 3
swapped 6 with 45
swapped 543 with 6
swapped 4 with 543
swapped 5 with 4
swapped 7 with 5
swapped 78 with 7
swapped 89 with 78
swapped 679 with 89
swapped 782 with 679
swapped 4764 with 782
swapped 56 with 4764
swapped 4 with 56
swapped 5 with 4
swapped 6 with 5
swapped 765 with 6
swapped 4 with 765
swapped 56 with 4
swapped 4 with 56
swapped 4 with 4
swapped 543 with 4
swapped 6 with 543
swapped 54 with 6
swapped 3 with 54
swapped 4 with 3
swapped 5 with 4
swapped 52 with 5
swapped 45 with 52
swapped 546 with 45
swapped 47 with 546
swapped 3 with 47
swapped 534 with 3
swapped 6 with 534
swapped 34 with 6
swapped 562 with 34
swapped 879 with 562
swapped 5 with 879
swapped 4 with 5
swapped 3 with 4
swapped 4 with 3
swapped 5 with 4
swapped 43 with 5
swapped 4 with 43
swapped 5 with 4
swapped 43 with 5
swapped 45 with 43
swapped 43 with 45
swapped 4 with 43
swapped 5 with 4
swapped 23 with 5
swapped 45 with 23
swapped 3 with 45
swapped 34 with 3
swapped 23 with 34
swapped 4 with 23
swapped 3 with 4
swapped 2 with 3
swapped 35 with 2
swapped 6 with 35
swapped 54 with 6
swapped 6 with 54
swapped 67 with 6
swapped 5 with 67
swapped 8 with 5
swapped 67 with 8
swapped 8 with 67
swapped 6 with 8
swapped 54 with 6
swapped 5 with 54
swapped 6 with 5
swapped 54 with 6
swapped 452 with 54
swapped 3 with 452
swapped 2 with 3
swapped 34 with 2
swapped 32 with 34
swapped 2 with 32
swapped 2 with 2
swapped 3 with 2
swapped 42 with 3
swapped 34 with 42
swapped 3 with 34
swapped 2 with 3
swapped 3 with 2
swapped 54 with 3
swapped 64 with 54
swapped 57 with 64
swapped 3 with 57
swapped 4 with 3
swapped 54 with 4
swapped 53 with 54
swapped 4 with 53
swapped 55 with 4
swapped 6 with 55
swapped 67 with 6
swapped 65 with 67
swapped 657 with 65
swapped 46 with 657
swapped 56 with 46
swapped 4 with 56
swapped 56 with 4
swapped 6 with 56
swapped 75 with 6
swapped 8 with 75
swapped 67 with 8
swapped 2 with 67
swapped 67 with 2
swapped 4 with 67
swapped 635 with 4
swapped 34 with 635
swapped 45 with 34
swapped 2 with 45
swapped 3 with 2
swapped 4 with 3
swapped 23 with 4
swapped 4 with 23
swapped 23 with 4
swapped 4 with 23
swapped 324 with 4
swapped 23 with 324
swapped 2 with 23
swapped 3 with 2
swapped 43 with 3
swapped 25 with 43
swapped 436 with 25
swapped 5 with 436
swapped 66 with 5
swapped 3 with 66
swapped 78 with 3
swapped 4 with 78
swapped 4 with 4
swapped 5 with 4
swapped 6 with 5
swapped 76 with 6
swapped 5 with 76
swapped 6 with 5
swapped 76 with 6
swapped 5 with 76
swapped 3 with 5
swapped 3 with 3
swapped 45 with 3
swapped 64 with 45
swapped 34 with 64
swapped 5 with 34
swapped 43 with 5
swapped 5 with 43
swapped 34 with 5
swapped 645 with 34
swapped 6 with 645
swapped 657 with 6
swapped 658 with 657
swapped 657 with 658
swapped 4 with 657
swapped 4 with 4
swapped 2 with 4
swapped 34 with 2
swapped 3 with 34
swapped 4 with 3
swapped 435 with 4
swapped 4 with 435
swapped 654 with 4
swapped 765 with 654
swapped 7 with 765
swapped 68 with 7
swapped 678 with 68
swapped 6 with 678
swapped 79 with 6
swapped 87 with 79
swapped 87 with 87
swapped 54 with 87
swapped 345 with 54
swapped 43 with 345
swapped 2 with 43
swapped 34 with 2
swapped 5 with 34
swapped 3 with 5
swapped 4 with 3
swapped 56 with 4
swapped 54 with 56
swapped 3 with 54
swapped 57 with 3
swapped 68 with 57
swapped 765 with 68
swapped 8675 with 765
swapped 6 with 8675
swapped 3 with 6
swapped 2 with 3
swapped 34 with 2
swapped 3 with 34
swapped 5 with 3
swapped 8 with 5
swapped 64 with 8
swapped 3 with 64
swapped 3 with 3
swapped 3 with 3
swapped 6 with 3
swapped 633 with 6
swapped 4 with 633
swapped 342 with 4
swapped 1 with 342
swapped 2 with 1
swapped 4 with 2
swapped 45 with 4
swapped 36 with 45
swapped 347 with 36
swapped 487 with 347
swapped 69 with 487
swapped 70 with 69
swapped 3456 with 70
swapped 2 with 3456
swapped 3 with 2
swapped 4 with 3
swapped 3 with 4
swapped 1 with 3
swapped 235 with 1
swapped 3 with 235
swapped 645 with 3
swapped 7 with 645
swapped 5 with 7
swapped 3 with 5
swapped 45 with 3
swapped 4 with 45
swapped 32 with 4
swapped 57 with 32
swapped 657 with 57
swapped 7 with 657
swapped 789 with 7
swapped 7 with 789
swapped 3 with 7
swapped 542 with 3
swapped 3858 with 542
swapped 78 with 3858
swapped 45 with 78
swapped 68 with 45
swapped 72 with 68
swapped 1 with 72
swapped 234 with 1
swapped 2 with 234
swapped 3 with 2
swapped 45 with 3
swapped 43 with 45
swapped 65 with 43
swapped 4 with 65
swapped 7645 with 4
swapped 68 with 7645
swapped 7 with 68
swapped 68 with 7
swapped 67 with 68
swapped 4 with 67
swapped 5 with 4
swapped 122 with 5
swapped 2 with 122
swapped 3 with 2
swapped 2 with 3
swapped 42 with 2
swapped 3 with 42
swapped 4 with 3
swapped 32 with 4
swapped 34 with 32
swapped 78 with 34
swapped 5678 with 78
swapped 4 with 5678
swapped 3 with 4
swapped 46 with 3
swapped 4 with 46
swapped 35 with 4
swapped 74 with 35
swapped 567 with 74
swapped 568 with 567
swapped 345 with 568
swapped 11 with 345
swapped 611 with 11
swapped 3 with 611
swapped 62 with 3
swapped 85678 with 62
swapped 54 with 85678
swapped 657 with 54
swapped 46 with 657
Sorted array: 
0 64 25 12 22 11 1 3 23 4 56 788 7 65 43 2 24 7 86 5 32 2 46 7 889 9 1 1 345 5 76856 74 3 6 7 85 3 23 56 7 1 32 4 5 8 3 4 2 1 2 5 8 798 4 5 6 9 7 6 3 2 1 23 4 56 8 2 34 56 8 5 12 2 3 54 34 2 2 4 5 5 45 6 54 56 3457 35 8 3 45 6 8 7 5 4 53 2 2 1 2 3 4 5 6 78 46 90 9 8 7 6 5 3 2 1 4 5 7 8 9 2 34 5 432 3 45 234 5 234 52 2345 2 22 3 4 23 3 4 5 43 2 345 3 2 45 2 3 45 43 2 1 5 56 78 3 45 62 3 45 34 57 568 657 89 3 4 3 4 56 2 34 5 345 67 78 23 345 6 2346 67 58 69 467 53 654 643 57 58 69 3 6 2 534 6 674 2345 3 4 6 43 6 58 8 567 9 3 456 34 57 58 6579 870 98 2 452 345 3456 76 873 34 57 245 23 6 75 86 5 3 34567 76 3 5 56 3 1 2 3 4 57 6 8 9 9 7 6 4 3 2 1 2 4 5 7 6 5 4 3 2 3 4 7 1 2 3 4 5 6 7 78 9 8 7 6 23 5 5 4 3 425 2345 6347 458 34 6 53 467 7 68 23 253 56 2 3 4 5 1 2 23 5 2346 3457 4568 567 6 356 3457 8 8 3 3456 7 3456 5 4 3 4 5 6 7 9 7 6 4 3 23 34 4 2 3 5 4657456 74 3 425 56 3 9 5 23 45 7 84 64 63 6 8768 92 3 4 4 4 2 5 4 6 88 9 4 3 67 2 2 3 5 3 45 6 54 3 45 6 54 3 45 6 34 5 6 6 8 2 3 2 3 2 5 456 6 89 3 643 3 45 6 5 4 3 44 3 23 4 5 7 4 5 4 2 3 4 6 7 8 2 345 4 3 24 6 345 7 456 4 642 5 346 4 4 35 4 5 65 4 5 6 5 4 2 3 4 45 57 68 3 453 52 6435 7 8 5 45 6 4 34 4 4 5 6 84 2 3 4 4 5 67 2 3 4 5 435 6 5 43 34 5 65 43 4 56 5 43 4 56 54 3 4 56 4 3 4 56 54 3 45 6 54 3 4 56 4 3 4 56 54 3 4 56 4 34 34 56 5 43 4 56 54 34 5 64 3 4 5 65 4 3 4 5 6 568 769 8 9 6657 57 98 7 56 67 9876 7876 6 64 3 6867 9 96756 7 5 69 1 1 2 23 3 43 245 36 45 6 5 45 6 54 5 6 54 5 65 4 56 54 3 45 22 2 34 32 3 4 32 34 3 3 4 5 6 54 5 4 3 45 6 543 4 5 7 78 89 679 782 4764 56 4 5 6 765 4 56 4 4 543 6 54 3 4 5 52 45 546 47 3 534 6 34 562 879 5 4 3 4 5 43 4 5 43 45 43 4 5 23 45 3 34 23 4 3 2 35 6 54 6 67 5 8 67 8 6 54 5 6 54 452 3 2 34 32 2 2 3 42 34 3 2 3 54 64 57 3 4 54 53 4 55 6 67 65 657 46 56 4 56 6 75 8 67 2 67 4 635 34 45 2 3 4 23 4 23 4 324 23 2 3 43 25 436 5 66 3 78 4 4 5 6 76 5 6 76 5 3 3 45 64 34 5 43 5 34 645 6 657 658 657 4 4 2 34 3 4 435 4 654 765 7 68 678 6 79 87 87 54 345 43 2 34 5 3 4 56 54 3 57 68 765 8675 6 3 2 34 3 5 8 64 3 3 3 6 633 4 342 1 2 4 45 36 347 487 69 70 3456 2 3 4 3 1 235 3 645 7 5 3 45 4 32 57 657 7 789 7 3 542 3858 78 45 68 72 1 234 2 3 45 43 65 4 7645 68 7 68 67 4 5 122 2 3 2 42 3 4 32 34 78 5678 4 3 46 4 35 74 567 568 345 11 611 3 62 85678 54 657 5 
Selection sort openMP parallel code took 0.001398 seconds 
